<?xml version="1.0" encoding="UTF-8" ?>
<testsuite failures="0" time="0.014" errors="0" skipped="0" tests="9" name="edu.berkeley.cs186.database.databox.TestStringDataBox">
  <properties>
    <property name="java.runtime.name" value="Java(TM) SE Runtime Environment"/>
    <property name="sun.boot.library.path" value="/Library/Java/JavaVirtualMachines/jdk1.7.0_80.jdk/Contents/Home/jre/lib"/>
    <property name="java.vm.version" value="24.80-b11"/>
    <property name="gopherProxySet" value="false"/>
    <property name="java.vm.vendor" value="Oracle Corporation"/>
    <property name="java.vendor.url" value="http://java.oracle.com/"/>
    <property name="path.separator" value=":"/>
    <property name="java.vm.name" value="Java HotSpot(TM) 64-Bit Server VM"/>
    <property name="file.encoding.pkg" value="sun.io"/>
    <property name="user.country" value="US"/>
    <property name="sun.java.launcher" value="SUN_STANDARD"/>
    <property name="sun.os.patch.level" value="unknown"/>
    <property name="java.vm.specification.name" value="Java Virtual Machine Specification"/>
    <property name="user.dir" value="/Users/William/Desktop/Courses/Spring 2017/cs186/abp/projects"/>
    <property name="java.runtime.version" value="1.7.0_80-b15"/>
    <property name="java.awt.graphicsenv" value="sun.awt.CGraphicsEnvironment"/>
    <property name="basedir" value="/Users/William/Desktop/Courses/Spring 2017/cs186/abp/projects"/>
    <property name="java.endorsed.dirs" value="/Library/Java/JavaVirtualMachines/jdk1.7.0_80.jdk/Contents/Home/jre/lib/endorsed"/>
    <property name="os.arch" value="x86_64"/>
    <property name="surefire.real.class.path" value="/var/folders/lt/yt6m_k711cz8l3fwtzj20_cm0000gn/T/surefirebooter5834848359696977650.jar"/>
    <property name="java.io.tmpdir" value="/var/folders/lt/yt6m_k711cz8l3fwtzj20_cm0000gn/T/"/>
    <property name="line.separator" value="
"/>
    <property name="java.vm.specification.vendor" value="Oracle Corporation"/>
    <property name="os.name" value="Mac OS X"/>
    <property name="sun.jnu.encoding" value="UTF-8"/>
    <property name="java.library.path" value="/Users/William/Library/Java/Extensions:/Library/Java/Extensions:/Network/Library/Java/Extensions:/System/Library/Java/Extensions:/usr/lib/java:."/>
    <property name="surefire.test.class.path" value="/Users/William/Desktop/Courses/Spring 2017/cs186/abp/projects/target/test-classes:/Users/William/Desktop/Courses/Spring 2017/cs186/abp/projects/target/classes:/Users/William/.m2/repository/junit/junit/4.12/junit-4.12.jar:/Users/William/.m2/repository/org/hamcrest/hamcrest-core/1.3/hamcrest-core-1.3.jar:"/>
    <property name="java.specification.name" value="Java Platform API Specification"/>
    <property name="java.class.version" value="51.0"/>
    <property name="sun.management.compiler" value="HotSpot 64-Bit Tiered Compilers"/>
    <property name="os.version" value="10.12.4"/>
    <property name="http.nonProxyHosts" value="local|*.local|169.254/16|*.169.254/16"/>
    <property name="user.home" value="/Users/William"/>
    <property name="user.timezone" value=""/>
    <property name="java.awt.printerjob" value="sun.lwawt.macosx.CPrinterJob"/>
    <property name="java.specification.version" value="1.7"/>
    <property name="file.encoding" value="UTF-8"/>
    <property name="user.name" value="William"/>
    <property name="java.class.path" value="/Users/William/Desktop/Courses/Spring 2017/cs186/abp/projects/target/test-classes:/Users/William/Desktop/Courses/Spring 2017/cs186/abp/projects/target/classes:/Users/William/.m2/repository/junit/junit/4.12/junit-4.12.jar:/Users/William/.m2/repository/org/hamcrest/hamcrest-core/1.3/hamcrest-core-1.3.jar:"/>
    <property name="java.vm.specification.version" value="1.7"/>
    <property name="sun.arch.data.model" value="64"/>
    <property name="java.home" value="/Library/Java/JavaVirtualMachines/jdk1.7.0_80.jdk/Contents/Home/jre"/>
    <property name="sun.java.command" value="/var/folders/lt/yt6m_k711cz8l3fwtzj20_cm0000gn/T/surefirebooter5834848359696977650.jar /var/folders/lt/yt6m_k711cz8l3fwtzj20_cm0000gn/T/surefire7198280549824414358tmp /var/folders/lt/yt6m_k711cz8l3fwtzj20_cm0000gn/T/surefire2063771297743523432tmp"/>
    <property name="java.specification.vendor" value="Oracle Corporation"/>
    <property name="user.language" value="en"/>
    <property name="awt.toolkit" value="sun.lwawt.macosx.LWCToolkit"/>
    <property name="java.vm.info" value="mixed mode"/>
    <property name="java.version" value="1.7.0_80"/>
    <property name="java.ext.dirs" value="/Users/William/Library/Java/Extensions:/Library/Java/JavaVirtualMachines/jdk1.7.0_80.jdk/Contents/Home/jre/lib/ext:/Library/Java/Extensions:/Network/Library/Java/Extensions:/System/Library/Java/Extensions:/usr/lib/java"/>
    <property name="sun.boot.class.path" value="/Library/Java/JavaVirtualMachines/jdk1.7.0_80.jdk/Contents/Home/jre/lib/resources.jar:/Library/Java/JavaVirtualMachines/jdk1.7.0_80.jdk/Contents/Home/jre/lib/rt.jar:/Library/Java/JavaVirtualMachines/jdk1.7.0_80.jdk/Contents/Home/jre/lib/sunrsasign.jar:/Library/Java/JavaVirtualMachines/jdk1.7.0_80.jdk/Contents/Home/jre/lib/jsse.jar:/Library/Java/JavaVirtualMachines/jdk1.7.0_80.jdk/Contents/Home/jre/lib/jce.jar:/Library/Java/JavaVirtualMachines/jdk1.7.0_80.jdk/Contents/Home/jre/lib/charsets.jar:/Library/Java/JavaVirtualMachines/jdk1.7.0_80.jdk/Contents/Home/jre/lib/jfr.jar:/Library/Java/JavaVirtualMachines/jdk1.7.0_80.jdk/Contents/Home/jre/classes"/>
    <property name="java.vendor" value="Oracle Corporation"/>
    <property name="localRepository" value="/Users/William/.m2/repository"/>
    <property name="file.separator" value="/"/>
    <property name="java.vendor.url.bug" value="http://bugreport.sun.com/bugreport/"/>
    <property name="sun.cpu.endian" value="little"/>
    <property name="sun.io.unicode.encoding" value="UnicodeBig"/>
    <property name="socksNonProxyHosts" value="local|*.local|169.254/16|*.169.254/16"/>
    <property name="ftp.nonProxyHosts" value="local|*.local|169.254/16|*.169.254/16"/>
    <property name="sun.cpu.isalist" value=""/>
  </properties>
  <testcase time="0" classname="edu.berkeley.cs186.database.databox.TestStringDataBox" name="TestStringDataBoxEquals"/>
  <testcase time="0" classname="edu.berkeley.cs186.database.databox.TestStringDataBox" name="TestStringDataBoxType"/>
  <testcase time="0" classname="edu.berkeley.cs186.database.databox.TestStringDataBox" name="TestStringDataBoxString"/>
  <testcase time="0" classname="edu.berkeley.cs186.database.databox.TestStringDataBox" name="TestStringDataBoxCompare"/>
  <testcase time="0" classname="edu.berkeley.cs186.database.databox.TestStringDataBox" name="TestStringDataBoxSetters"/>
  <testcase time="0" classname="edu.berkeley.cs186.database.databox.TestStringDataBox" name="TestStringDataBoxString2"/>
  <testcase time="0.001" classname="edu.berkeley.cs186.database.databox.TestStringDataBox" name="TestStringDataBoxSerialize2"/>
  <testcase time="0.001" classname="edu.berkeley.cs186.database.databox.TestStringDataBox" name="TestStringDataBoxConstructor"/>
  <testcase time="0" classname="edu.berkeley.cs186.database.databox.TestStringDataBox" name="TestStringDataBoxSerialize"/>
</testsuite>